Logfile initialized
[INFO] logfile = C:\Users\b1010049\My Documents\Titanium_Studio_Workspace\test\build.log
[DEBUG] C:\Users\b1010049\AppData\Roaming\Titanium\mobilesdk\win32\2.1.1.GA\android\builder.py simulator test C:\Users\b1010049\AppData\Local\Android\android-sdk C:\Users\b1010049\My Documents\Titanium_Studio_Workspace\test edu.self.test 4 WVGA854
[INFO] Building test for Android ... one moment
[INFO] Titanium SDK version: 2.1.1 (07/27/12 14:01 0fd84a2)
[DEBUG] Waiting for device to be ready ...
[TRACE] adb devices returned 1 devices/emulators
[DEBUG] Device connected... (waited 0 seconds)
[DEBUG] waited 0.073000 seconds on emulator to get ready
[DEBUG] edu.self.test installed? True
[INFO] Fastdev server running, deploying in Fastdev mode
[INFO] Copying CommonJS modules...
[INFO] Copying project resources..
[TRACE] COPYING MODIFIED FILE: C:\Users\b1010049\My Documents\Titanium_Studio_Workspace\test\Resources\app.js => C:\Users\b1010049\My Documents\Titanium_Studio_Workspace\test\build\android\bin\assets\Resources\app.js
[INFO] Tiapp.xml unchanged, skipping class generation
[DEBUG] Processing Android resource drawables
[DEBUG] found drawable-long-land-hdpi splash screen at C:\Users\b1010049\My Documents\Titanium_Studio_Workspace\test\Resources\android\images\res-long-land-hdpi\default.png
[DEBUG] found drawable-long-land-ldpi splash screen at C:\Users\b1010049\My Documents\Titanium_Studio_Workspace\test\Resources\android\images\res-long-land-ldpi\default.png
[DEBUG] found drawable-long-port-hdpi splash screen at C:\Users\b1010049\My Documents\Titanium_Studio_Workspace\test\Resources\android\images\res-long-port-hdpi\default.png
[DEBUG] found drawable-long-port-ldpi splash screen at C:\Users\b1010049\My Documents\Titanium_Studio_Workspace\test\Resources\android\images\res-long-port-ldpi\default.png
[DEBUG] found drawable-notlong-land-hdpi splash screen at C:\Users\b1010049\My Documents\Titanium_Studio_Workspace\test\Resources\android\images\res-notlong-land-hdpi\default.png
[DEBUG] found drawable-notlong-land-ldpi splash screen at C:\Users\b1010049\My Documents\Titanium_Studio_Workspace\test\Resources\android\images\res-notlong-land-ldpi\default.png
[DEBUG] found drawable-notlong-land-mdpi splash screen at C:\Users\b1010049\My Documents\Titanium_Studio_Workspace\test\Resources\android\images\res-notlong-land-mdpi\default.png
[DEBUG] found drawable-notlong-port-hdpi splash screen at C:\Users\b1010049\My Documents\Titanium_Studio_Workspace\test\Resources\android\images\res-notlong-port-hdpi\default.png
[DEBUG] found drawable-notlong-port-ldpi splash screen at C:\Users\b1010049\My Documents\Titanium_Studio_Workspace\test\Resources\android\images\res-notlong-port-ldpi\default.png
[DEBUG] found drawable-notlong-port-mdpi splash screen at C:\Users\b1010049\My Documents\Titanium_Studio_Workspace\test\Resources\android\images\res-notlong-port-mdpi\default.png
[INFO] Waiting for SDCard to become available..
[INFO] Re-launching application ... test
[INFO] Launching application ... test
[TRACE] Launch output: Starting: Intent { act=android.intent.action.MAIN cat=[android.intent.category.LAUNCHER] cmp=edu.self.test/.TestActivity }

